<?xml version="1.0" encoding="UTF-8"?>
<!-- Generated by org.testng.reporters.JUnitReportReporter -->
<testsuite hostname="DESKTOP-33HJVKC" failures="0" tests="1" name="Demo.AmazonTest" time="2.827" errors="0" timestamp="2025-09-23T22:53:08 IST" skipped="0">
  <testcase classname="Demo.AmazonTest" name="amazon" time="2.827">
    <system-out>
      <![CDATA[Amazon]]>
    </system-out>
  </testcase> <!-- amazon -->
  <system-out>
    <![CDATA[openBrowser
URL & Login
Amazon
logout
closeBrowser]]>
  </system-out>
</testsuite> <!-- Demo.AmazonTest -->
