<?xml version="1.0" encoding="UTF-8"?>
<!-- Generated by org.testng.reporters.JUnitReportReporter -->
<testsuite hostname="DESKTOP-33HJVKC" failures="0" tests="1" name="Demo.AmazonTest" time="3.785" errors="0" timestamp="2025-09-24T09:39:57 IST" skipped="0">
  <testcase classname="Demo.AmazonTest" name="amazon" time="3.785">
    <system-out>
      <![CDATA[Amazon]]>
    </system-out>
  </testcase> <!-- amazon -->
  <system-out>
    <![CDATA[openBrowser
URL & Login
Amazon
logout
closeBrowser]]>
  </system-out>
</testsuite> <!-- Demo.AmazonTest -->
